<?xml version="1.0" encoding="UTF-8"?>
<!-- Generated by org.testng.reporters.JUnitReportReporter -->
<testsuite skipped="0" hostname="BHUSHAN" name="Runner.MyTestRunner" tests="1" failures="0" timestamp="2023-09-19T02:15:58 IST" time="72.125" errors="0">
  <testcase name="runScenario" time="72.125" classname="Runner.MyTestRunner"/>
  <system-out/>
</testsuite> <!-- Runner.MyTestRunner -->
