<?xml version="1.0" encoding="UTF-8"?>
<!-- Generated by org.testng.reporters.JUnitReportReporter -->
<testsuite skipped="0" hostname="BHUSHAN" name="Runner.MyTestRunner" tests="2" failures="0" timestamp="2023-09-30T18:00:23 IST" time="94.192" errors="0">
  <testcase name="runScenario" time="45.606" classname="Runner.MyTestRunner"/>
  <system-out/>
  <testcase name="runScenario" time="48.586" classname="Runner.MyTestRunner"/>
  <system-out/>
</testsuite> <!-- Runner.MyTestRunner -->
