<?xml version="1.0" encoding="UTF-8"?>
<!-- Generated by org.testng.reporters.JUnitReportReporter -->
<testsuite skipped="0" hostname="DESKTOP-PBK6F9V" name="Runner.MyTestRunner" tests="1" failures="0" timestamp="2023-09-26T13:08:48 IST" time="43.661" errors="0">
  <testcase name="runScenario" time="43.661" classname="Runner.MyTestRunner"/>
  <system-out/>
</testsuite> <!-- Runner.MyTestRunner -->
